Save database : Modification by user
Save repository element : RDS : Modification by user
Save database : Modification by user
Save repository element : RDS : Modification by user
Save database : Modification by user
Save repository element : RDS : Modification by user
Save database : Modification by user
Save repository element : RDS : Modification by user
Save database : Modification by user
Save repository element : SERVER-PC : Modification by user
Save database : Modification by user
Save repository element : SERVER-PC : Modification by user
Save database : Modification by user
Save repository element : RDS : Modification by user
Save database : Modification by user
Save repository element : RDS : Modification by user
 Save database : Modification by user
Save repository element : RDS : Modification by user
Save database : Modification by user
Save repository element : RDS : Modification by user
Save database : Modification by user
Save repository element : SERVER-PC : Modification by user
Save database : Modification by user
Save repository element : SERVER-PC : Modification by user
Save repository element : SQLSERVER-LOCALHOST : Creation of initial version
Save database : Modification by user
Save repository element : SQLSERVER-LOCALHOST : Modification by user
Save database : Modification by user
Save repository element : SQLSERVER-LOCALHOST : Modification by user
Save database : Modification by user
Save repository element : SQLSERVER-LOCALHOST : Modification by user
Save database : Modification by user
Save repository element : SQLSERVER-LOCALHOST : Modification by user
Save database : Modification by user
Save repository element : SQLSERVER-LOCALHOST : Modification by user
Save database : Modification by user
Save repository element : SQLSERVER-LOCALHOST : Modification by user
